This file contains any messages produced by compilers while
running configure, to aid debugging if configure makes a mistake.

It was created by GNU Classpath configure 0.92, which was
generated by GNU Autoconf 2.59.  Invocation command line was

  $ /Users/stevenjames/gcc-4.2/libjava/classpath/configure --prefix=/usr/local --with-fastjar=/Users/stevenjames/gcc-4.2/scripts/jar --enable-tool-wrappers --disable-load-library --disable-debug --enable-default-toolkit= --with-vm-classes=/Users/stevenjames/gcc-4.2/libjava:/Users/stevenjames/gcc-4.2 --disable-core-jni --disable-examples --with-glibj=build --disable-plugin --disable-gconf-peer --enable-default-preferences-peer=gnu.java.util.prefs.FileBasedFactory --disable-gtk-peer --disable-qt-peer --enable-ltdl-convenience --with-auxdir=/Users/stevenjames/gcc-4.2 --cache-file=/dev/null --srcdir=/Users/stevenjames/gcc-4.2/libjava/classpath

## --------- ##
## Platform. ##
## --------- ##

hostname = Stevens-MacBook-Pro.local
uname -m = x86_64
uname -r = 15.0.0
uname -s = Darwin
uname -v = Darwin Kernel Version 15.0.0: Sat Sep 19 15:53:46 PDT 2015; root:xnu-3247.10.11~1/RELEASE_X86_64

/usr/bin/uname -p = i386
/bin/uname -X     = unknown

/bin/arch              = unknown
/usr/bin/arch -k       = unknown
/usr/convex/getsysinfo = unknown
hostinfo               = Mach kernel version:
	 Darwin Kernel Version 15.0.0: Sat Sep 19 15:53:46 PDT 2015; root:xnu-3247.10.11~1/RELEASE_X86_64
Kernel configured for up to 4 processors.
2 processors are physically available.
4 processors are logically available.
Processor type: i486 (Intel 80486)
Processors active: 0 1 2 3
Primary memory available: 8.00 gigabytes
Default processor set: 207 tasks, 754 threads, 4 processors
Load average: 7.30, Mach factor: 0.49
/bin/machine           = unknown
/usr/bin/oslevel       = unknown
/bin/universe          = unknown

PATH: /opt/boxen/rbenv/bin
PATH: /opt/boxen/rbenv/plugins/ruby-build/bin
PATH: /Users/stevenjames/.pyenv/shims
PATH: /Users/stevenjames/.chefdk/gem/ruby/2.1.0/bin
PATH: /opt/chefdk/bin
PATH: /Users/stevenjames/Library/Android/sdk/tools
PATH: /Users/stevenjames/Library/Android/sdk/platform-tools
PATH: /Users/stevenjames/.bin
PATH: /usr/local/bin
PATH: /usr/bin
PATH: /bin
PATH: /usr/sbin
PATH: /sbin
PATH: /opt/X11/bin
PATH: /usr/local/lib/node_modules


## ----------- ##
## Core tests. ##
## ----------- ##

configure:1449: checking build system type
configure:1467: result: i386-apple-darwin15.0.0
configure:1475: checking host system type
configure:1489: result: i386-apple-darwin15.0.0
configure:1497: checking target system type
configure:1511: result: i386-apple-darwin15.0.0
configure:1601: checking for a BSD-compatible install
configure:1656: result: /usr/local/bin/ginstall -c
configure:1667: checking whether build environment is sane
configure:1710: result: yes
configure:1775: checking for gawk
configure:1791: found /usr/local/bin/gawk
configure:1801: result: gawk
configure:1811: checking whether make sets $(MAKE)
configure:1831: result: yes
configure:1994: checking how to create a ustar tar archive
configure:2007: tar --version
bsdtar 2.8.3 - libarchive 2.8.3
configure:2010: $? = 0
configure:2050: tardir=conftest.dir && eval tar --format=ustar -chf - "$tardir" >conftest.tar
configure:2053: $? = 0
configure:2057: tar -xf - <conftest.tar
configure:2060: $? = 0
configure:2073: result: gnutar
configure:2248: checking for style of include used by make
configure:2276: result: GNU
configure:2347: checking for gcc
configure:2363: found /usr/bin/gcc
configure:2373: result: gcc
configure:2617: checking for C compiler version
configure:2620: gcc --version </dev/null >&5
Configured with: --prefix=/Applications/Xcode.app/Contents/Developer/usr --with-gxx-include-dir=/usr/include/c++/4.2.1
Apple LLVM version 7.0.0 (clang-700.1.76)
Target: x86_64-apple-darwin15.0.0
Thread model: posix
configure:2623: $? = 0
configure:2625: gcc -v </dev/null >&5
Configured with: --prefix=/Applications/Xcode.app/Contents/Developer/usr --with-gxx-include-dir=/usr/include/c++/4.2.1
Apple LLVM version 7.0.0 (clang-700.1.76)
Target: x86_64-apple-darwin15.0.0
Thread model: posix
configure:2628: $? = 0
configure:2630: gcc -V </dev/null >&5
clang: error: argument to '-V' is missing (expected 1 value)
clang: error: no input files
configure:2633: $? = 1
configure:2656: checking for C compiler default output file name
configure:2659: gcc    conftest.c  >&5
configure:2662: $? = 0
configure:2708: result: a.out
configure:2713: checking whether the C compiler works
configure:2719: ./a.out
configure:2722: $? = 0
configure:2739: result: yes
configure:2746: checking whether we are cross compiling
configure:2748: result: no
configure:2751: checking for suffix of executables
configure:2753: gcc -o conftest    conftest.c  >&5
configure:2756: $? = 0
configure:2781: result: 
configure:2787: checking for suffix of object files
configure:2808: gcc -c   conftest.c >&5
configure:2811: $? = 0
configure:2833: result: o
configure:2837: checking whether we are using the GNU C compiler
configure:2861: gcc -c   conftest.c >&5
configure:2867: $? = 0
configure:2871: test -z 
			 || test ! -s conftest.err
configure:2874: $? = 0
configure:2877: test -s conftest.o
configure:2880: $? = 0
configure:2893: result: yes
configure:2899: checking whether gcc accepts -g
configure:2920: gcc -c -g  conftest.c >&5
configure:2926: $? = 0
configure:2930: test -z 
			 || test ! -s conftest.err
configure:2933: $? = 0
configure:2936: test -s conftest.o
configure:2939: $? = 0
configure:2950: result: yes
configure:2967: checking for gcc option to accept ANSI C
configure:3037: gcc  -c -g -O2  conftest.c >&5
configure:3043: $? = 0
configure:3047: test -z 
			 || test ! -s conftest.err
configure:3050: $? = 0
configure:3053: test -s conftest.o
configure:3056: $? = 0
configure:3074: result: none needed
configure:3092: gcc -c -g -O2  conftest.c >&5
conftest.c:2:3: error: unknown type name 'choke'
  choke me
  ^
conftest.c:2:11: error: expected ';' after top level declarator
  choke me
          ^
          ;
2 errors generated.
configure:3098: $? = 1
configure: failed program was:
| #ifndef __cplusplus
|   choke me
| #endif
configure:3233: checking dependency style of gcc
configure:3323: result: gcc3
configure:3346: checking how to run the C preprocessor
configure:3381: gcc -E  conftest.c
configure:3387: $? = 0
configure:3419: gcc -E  conftest.c
conftest.c:11:10: fatal error: 'ac_nonexistent.h' file not found
#include <ac_nonexistent.h>
         ^
1 error generated.
configure:3425: $? = 1
configure: failed program was:
| /* confdefs.h.  */
| 
| #define PACKAGE_NAME "GNU Classpath"
| #define PACKAGE_TARNAME "classpath"
| #define PACKAGE_VERSION "0.92"
| #define PACKAGE_STRING "GNU Classpath 0.92"
| #define PACKAGE_BUGREPORT "classpath@gnu.org"
| #define PACKAGE "classpath"
| #define VERSION "0.92"
| /* end confdefs.h.  */
| #include <ac_nonexistent.h>
configure:3464: result: gcc -E
configure:3488: gcc -E  conftest.c
configure:3494: $? = 0
configure:3526: gcc -E  conftest.c
conftest.c:11:10: fatal error: 'ac_nonexistent.h' file not found
#include <ac_nonexistent.h>
         ^
1 error generated.
configure:3532: $? = 1
configure: failed program was:
| /* confdefs.h.  */
| 
| #define PACKAGE_NAME "GNU Classpath"
| #define PACKAGE_TARNAME "classpath"
| #define PACKAGE_VERSION "0.92"
| #define PACKAGE_STRING "GNU Classpath 0.92"
| #define PACKAGE_BUGREPORT "classpath@gnu.org"
| #define PACKAGE "classpath"
| #define VERSION "0.92"
| /* end confdefs.h.  */
| #include <ac_nonexistent.h>
configure:3576: checking for egrep
configure:3586: result: grep -E
configure:3591: checking for ANSI C header files
configure:3616: gcc -c -g -O2  conftest.c >&5
configure:3622: $? = 0
configure:3626: test -z 
			 || test ! -s conftest.err
configure:3629: $? = 0
configure:3632: test -s conftest.o
configure:3635: $? = 0
configure:3724: gcc -o conftest -g -O2   conftest.c  >&5
conftest.c:28:7: warning: implicitly declaring library function 'exit' with type 'void (int) __attribute__((noreturn))'
      exit(2);
      ^
conftest.c:28:7: note: include the header <stdlib.h> or explicitly provide a declaration for 'exit'
1 warning generated.
configure:3727: $? = 0
configure:3729: ./conftest
configure:3732: $? = 0
configure:3747: result: yes
configure:3771: checking for sys/types.h
configure:3787: gcc -c -g -O2  conftest.c >&5
configure:3793: $? = 0
configure:3797: test -z 
			 || test ! -s conftest.err
configure:3800: $? = 0
configure:3803: test -s conftest.o
configure:3806: $? = 0
configure:3817: result: yes
configure:3771: checking for sys/stat.h
configure:3787: gcc -c -g -O2  conftest.c >&5
configure:3793: $? = 0
configure:3797: test -z 
			 || test ! -s conftest.err
configure:3800: $? = 0
configure:3803: test -s conftest.o
configure:3806: $? = 0
configure:3817: result: yes
configure:3771: checking for stdlib.h
configure:3787: gcc -c -g -O2  conftest.c >&5
configure:3793: $? = 0
configure:3797: test -z 
			 || test ! -s conftest.err
configure:3800: $? = 0
configure:3803: test -s conftest.o
configure:3806: $? = 0
configure:3817: result: yes
configure:3771: checking for string.h
configure:3787: gcc -c -g -O2  conftest.c >&5
configure:3793: $? = 0
configure:3797: test -z 
			 || test ! -s conftest.err
configure:3800: $? = 0
configure:3803: test -s conftest.o
configure:3806: $? = 0
configure:3817: result: yes
configure:3771: checking for memory.h
configure:3787: gcc -c -g -O2  conftest.c >&5
configure:3793: $? = 0
configure:3797: test -z 
			 || test ! -s conftest.err
configure:3800: $? = 0
configure:3803: test -s conftest.o
configure:3806: $? = 0
configure:3817: result: yes
configure:3771: checking for strings.h
configure:3787: gcc -c -g -O2  conftest.c >&5
configure:3793: $? = 0
configure:3797: test -z 
			 || test ! -s conftest.err
configure:3800: $? = 0
configure:3803: test -s conftest.o
configure:3806: $? = 0
configure:3817: result: yes
configure:3771: checking for inttypes.h
configure:3787: gcc -c -g -O2  conftest.c >&5
configure:3793: $? = 0
configure:3797: test -z 
			 || test ! -s conftest.err
configure:3800: $? = 0
configure:3803: test -s conftest.o
configure:3806: $? = 0
configure:3817: result: yes
configure:3771: checking for stdint.h
configure:3787: gcc -c -g -O2  conftest.c >&5
configure:3793: $? = 0
configure:3797: test -z 
			 || test ! -s conftest.err
configure:3800: $? = 0
configure:3803: test -s conftest.o
configure:3806: $? = 0
configure:3817: result: yes
configure:3771: checking for unistd.h
configure:3787: gcc -c -g -O2  conftest.c >&5
configure:3793: $? = 0
configure:3797: test -z 
			 || test ! -s conftest.err
configure:3800: $? = 0
configure:3803: test -s conftest.o
configure:3806: $? = 0
configure:3817: result: yes
configure:3852: checking alsa/asoundlib.h usability
configure:3864: gcc -c -g -O2  conftest.c >&5
conftest.c:55:10: fatal error: 'alsa/asoundlib.h' file not found
#include <alsa/asoundlib.h>
         ^
1 error generated.
configure:3870: $? = 1
configure: failed program was:
| /* confdefs.h.  */
| 
| #define PACKAGE_NAME "GNU Classpath"
| #define PACKAGE_TARNAME "classpath"
| #define PACKAGE_VERSION "0.92"
| #define PACKAGE_STRING "GNU Classpath 0.92"
| #define PACKAGE_BUGREPORT "classpath@gnu.org"
| #define PACKAGE "classpath"
| #define VERSION "0.92"
| #define STDC_HEADERS 1
| #define HAVE_SYS_TYPES_H 1
| #define HAVE_SYS_STAT_H 1
| #define HAVE_STDLIB_H 1
| #define HAVE_STRING_H 1
| #define HAVE_MEMORY_H 1
| #define HAVE_STRINGS_H 1
| #define HAVE_INTTYPES_H 1
| #define HAVE_STDINT_H 1
| #define HAVE_UNISTD_H 1
| /* end confdefs.h.  */
| #include <stdio.h>
| #if HAVE_SYS_TYPES_H
| # include <sys/types.h>
| #endif
| #if HAVE_SYS_STAT_H
| # include <sys/stat.h>
| #endif
| #if STDC_HEADERS
| # include <stdlib.h>
| # include <stddef.h>
| #else
| # if HAVE_STDLIB_H
| #  include <stdlib.h>
| # endif
| #endif
| #if HAVE_STRING_H
| # if !STDC_HEADERS && HAVE_MEMORY_H
| #  include <memory.h>
| # endif
| # include <string.h>
| #endif
| #if HAVE_STRINGS_H
| # include <strings.h>
| #endif
| #if HAVE_INTTYPES_H
| # include <inttypes.h>
| #else
| # if HAVE_STDINT_H
| #  include <stdint.h>
| # endif
| #endif
| #if HAVE_UNISTD_H
| # include <unistd.h>
| #endif
| #include <alsa/asoundlib.h>
configure:3893: result: no
configure:3897: checking alsa/asoundlib.h presence
configure:3907: gcc -E  conftest.c
conftest.c:21:10: fatal error: 'alsa/asoundlib.h' file not found
#include <alsa/asoundlib.h>
         ^
1 error generated.
configure:3913: $? = 1
configure: failed program was:
| /* confdefs.h.  */
| 
| #define PACKAGE_NAME "GNU Classpath"
| #define PACKAGE_TARNAME "classpath"
| #define PACKAGE_VERSION "0.92"
| #define PACKAGE_STRING "GNU Classpath 0.92"
| #define PACKAGE_BUGREPORT "classpath@gnu.org"
| #define PACKAGE "classpath"
| #define VERSION "0.92"
| #define STDC_HEADERS 1
| #define HAVE_SYS_TYPES_H 1
| #define HAVE_SYS_STAT_H 1
| #define HAVE_STDLIB_H 1
| #define HAVE_STRING_H 1
| #define HAVE_MEMORY_H 1
| #define HAVE_STRINGS_H 1
| #define HAVE_INTTYPES_H 1
| #define HAVE_STDINT_H 1
| #define HAVE_UNISTD_H 1
| /* end confdefs.h.  */
| #include <alsa/asoundlib.h>
configure:3933: result: no
configure:3968: checking for alsa/asoundlib.h
configure:3975: result: no
configure:4094: checking dssi.h usability
configure:4106: gcc -c -g -O2  conftest.c >&5
conftest.c:55:10: fatal error: 'dssi.h' file not found
#include <dssi.h>
         ^
1 error generated.
configure:4112: $? = 1
configure: failed program was:
| /* confdefs.h.  */
| 
| #define PACKAGE_NAME "GNU Classpath"
| #define PACKAGE_TARNAME "classpath"
| #define PACKAGE_VERSION "0.92"
| #define PACKAGE_STRING "GNU Classpath 0.92"
| #define PACKAGE_BUGREPORT "classpath@gnu.org"
| #define PACKAGE "classpath"
| #define VERSION "0.92"
| #define STDC_HEADERS 1
| #define HAVE_SYS_TYPES_H 1
| #define HAVE_SYS_STAT_H 1
| #define HAVE_STDLIB_H 1
| #define HAVE_STRING_H 1
| #define HAVE_MEMORY_H 1
| #define HAVE_STRINGS_H 1
| #define HAVE_INTTYPES_H 1
| #define HAVE_STDINT_H 1
| #define HAVE_UNISTD_H 1
| /* end confdefs.h.  */
| #include <stdio.h>
| #if HAVE_SYS_TYPES_H
| # include <sys/types.h>
| #endif
| #if HAVE_SYS_STAT_H
| # include <sys/stat.h>
| #endif
| #if STDC_HEADERS
| # include <stdlib.h>
| # include <stddef.h>
| #else
| # if HAVE_STDLIB_H
| #  include <stdlib.h>
| # endif
| #endif
| #if HAVE_STRING_H
| # if !STDC_HEADERS && HAVE_MEMORY_H
| #  include <memory.h>
| # endif
| # include <string.h>
| #endif
| #if HAVE_STRINGS_H
| # include <strings.h>
| #endif
| #if HAVE_INTTYPES_H
| # include <inttypes.h>
| #else
| # if HAVE_STDINT_H
| #  include <stdint.h>
| # endif
| #endif
| #if HAVE_UNISTD_H
| # include <unistd.h>
| #endif
| #include <dssi.h>
configure:4135: result: no
configure:4139: checking dssi.h presence
configure:4149: gcc -E  conftest.c
conftest.c:21:10: fatal error: 'dssi.h' file not found
#include <dssi.h>
         ^
1 error generated.
configure:4155: $? = 1
configure: failed program was:
| /* confdefs.h.  */
| 
| #define PACKAGE_NAME "GNU Classpath"
| #define PACKAGE_TARNAME "classpath"
| #define PACKAGE_VERSION "0.92"
| #define PACKAGE_STRING "GNU Classpath 0.92"
| #define PACKAGE_BUGREPORT "classpath@gnu.org"
| #define PACKAGE "classpath"
| #define VERSION "0.92"
| #define STDC_HEADERS 1
| #define HAVE_SYS_TYPES_H 1
| #define HAVE_SYS_STAT_H 1
| #define HAVE_STDLIB_H 1
| #define HAVE_STRING_H 1
| #define HAVE_MEMORY_H 1
| #define HAVE_STRINGS_H 1
| #define HAVE_INTTYPES_H 1
| #define HAVE_STDINT_H 1
| #define HAVE_UNISTD_H 1
| /* end confdefs.h.  */
| #include <dssi.h>
configure:4175: result: no
configure:4210: checking for dssi.h
configure:4217: result: no
configure:4427: checking whether ln -s works
configure:4431: result: yes
configure:4451: checking for a BSD-compatible install
configure:4506: result: /usr/local/bin/ginstall -c
configure:4570: checking for g++
configure:4586: found /usr/bin/g++
configure:4596: result: g++
configure:4612: checking for C++ compiler version
configure:4615: g++ --version </dev/null >&5
Configured with: --prefix=/Applications/Xcode.app/Contents/Developer/usr --with-gxx-include-dir=/usr/include/c++/4.2.1
Apple LLVM version 7.0.0 (clang-700.1.76)
Target: x86_64-apple-darwin15.0.0
Thread model: posix
configure:4618: $? = 0
configure:4620: g++ -v </dev/null >&5
Configured with: --prefix=/Applications/Xcode.app/Contents/Developer/usr --with-gxx-include-dir=/usr/include/c++/4.2.1
Apple LLVM version 7.0.0 (clang-700.1.76)
Target: x86_64-apple-darwin15.0.0
Thread model: posix
configure:4623: $? = 0
configure:4625: g++ -V </dev/null >&5
clang: error: argument to '-V' is missing (expected 1 value)
clang: error: no input files
configure:4628: $? = 1
configure:4631: checking whether we are using the GNU C++ compiler
configure:4655: g++ -c   conftest.cc >&5
configure:4661: $? = 0
configure:4665: test -z 
			 || test ! -s conftest.err
configure:4668: $? = 0
configure:4671: test -s conftest.o
configure:4674: $? = 0
configure:4687: result: yes
configure:4693: checking whether g++ accepts -g
configure:4714: g++ -c -g  conftest.cc >&5
configure:4720: $? = 0
configure:4724: test -z 
			 || test ! -s conftest.err
configure:4727: $? = 0
configure:4730: test -s conftest.o
configure:4733: $? = 0
configure:4744: result: yes
configure:4786: g++ -c -g -O2  conftest.cc >&5
configure:4792: $? = 0
configure:4796: test -z 
			 || test ! -s conftest.err
configure:4799: $? = 0
configure:4802: test -s conftest.o
configure:4805: $? = 0
configure:4831: g++ -c -g -O2  conftest.cc >&5
conftest.cc:25:1: error: use of undeclared identifier 'exit'
exit (42);
^
1 error generated.
configure:4837: $? = 1
configure: failed program was:
| /* confdefs.h.  */
| 
| #define PACKAGE_NAME "GNU Classpath"
| #define PACKAGE_TARNAME "classpath"
| #define PACKAGE_VERSION "0.92"
| #define PACKAGE_STRING "GNU Classpath 0.92"
| #define PACKAGE_BUGREPORT "classpath@gnu.org"
| #define PACKAGE "classpath"
| #define VERSION "0.92"
| #define STDC_HEADERS 1
| #define HAVE_SYS_TYPES_H 1
| #define HAVE_SYS_STAT_H 1
| #define HAVE_STDLIB_H 1
| #define HAVE_STRING_H 1
| #define HAVE_MEMORY_H 1
| #define HAVE_STRINGS_H 1
| #define HAVE_INTTYPES_H 1
| #define HAVE_STDINT_H 1
| #define HAVE_UNISTD_H 1
| /* end confdefs.h.  */
| 
| int
| main ()
| {
| exit (42);
|   ;
|   return 0;
| }
configure:4786: g++ -c -g -O2  conftest.cc >&5
conftest.cc:21:17: error: use of undeclared identifier 'std'
extern "C" void std::exit (int) throw (); using std::exit;
                ^
conftest.cc:21:49: error: use of undeclared identifier 'std'
extern "C" void std::exit (int) throw (); using std::exit;
                                                ^
2 errors generated.
configure:4792: $? = 1
configure: failed program was:
| /* confdefs.h.  */
| 
| #define PACKAGE_NAME "GNU Classpath"
| #define PACKAGE_TARNAME "classpath"
| #define PACKAGE_VERSION "0.92"
| #define PACKAGE_STRING "GNU Classpath 0.92"
| #define PACKAGE_BUGREPORT "classpath@gnu.org"
| #define PACKAGE "classpath"
| #define VERSION "0.92"
| #define STDC_HEADERS 1
| #define HAVE_SYS_TYPES_H 1
| #define HAVE_SYS_STAT_H 1
| #define HAVE_STDLIB_H 1
| #define HAVE_STRING_H 1
| #define HAVE_MEMORY_H 1
| #define HAVE_STRINGS_H 1
| #define HAVE_INTTYPES_H 1
| #define HAVE_STDINT_H 1
| #define HAVE_UNISTD_H 1
| /* end confdefs.h.  */
| extern "C" void std::exit (int) throw (); using std::exit;
| #include <stdlib.h>
| int
| main ()
| {
| exit (42);
|   ;
|   return 0;
| }
configure:4786: g++ -c -g -O2  conftest.cc >&5
conftest.cc:21:17: error: use of undeclared identifier 'std'
extern "C" void std::exit (int); using std::exit;
                ^
conftest.cc:21:40: error: use of undeclared identifier 'std'
extern "C" void std::exit (int); using std::exit;
                                       ^
2 errors generated.
configure:4792: $? = 1
configure: failed program was:
| /* confdefs.h.  */
| 
| #define PACKAGE_NAME "GNU Classpath"
| #define PACKAGE_TARNAME "classpath"
| #define PACKAGE_VERSION "0.92"
| #define PACKAGE_STRING "GNU Classpath 0.92"
| #define PACKAGE_BUGREPORT "classpath@gnu.org"
| #define PACKAGE "classpath"
| #define VERSION "0.92"
| #define STDC_HEADERS 1
| #define HAVE_SYS_TYPES_H 1
| #define HAVE_SYS_STAT_H 1
| #define HAVE_STDLIB_H 1
| #define HAVE_STRING_H 1
| #define HAVE_MEMORY_H 1
| #define HAVE_STRINGS_H 1
| #define HAVE_INTTYPES_H 1
| #define HAVE_STDINT_H 1
| #define HAVE_UNISTD_H 1
| /* end confdefs.h.  */
| extern "C" void std::exit (int); using std::exit;
| #include <stdlib.h>
| int
| main ()
| {
| exit (42);
|   ;
|   return 0;
| }
configure:4786: g++ -c -g -O2  conftest.cc >&5
configure:4792: $? = 0
configure:4796: test -z 
			 || test ! -s conftest.err
configure:4799: $? = 0
configure:4802: test -s conftest.o
configure:4805: $? = 0
configure:4831: g++ -c -g -O2  conftest.cc >&5
configure:4837: $? = 0
configure:4841: test -z 
			 || test ! -s conftest.err
configure:4844: $? = 0
configure:4847: test -s conftest.o
configure:4850: $? = 0
configure:4875: checking dependency style of g++
configure:4965: result: gcc3
configure:5059: checking for ld used by GCC
configure:5122: result: /Applications/Xcode.app/Contents/Developer/Toolchains/XcodeDefault.xctoolchain/usr/bin/ld
configure:5131: checking if the linker (/Applications/Xcode.app/Contents/Developer/Toolchains/XcodeDefault.xctoolchain/usr/bin/ld) is GNU ld
configure:5143: result: no
configure:5148: checking for /Applications/Xcode.app/Contents/Developer/Toolchains/XcodeDefault.xctoolchain/usr/bin/ld option to reload object files
configure:5155: result: -r
configure:5160: checking for BSD-compatible nm
configure:5196: result: /usr/bin/nm
configure:5199: checking how to recognise dependant libraries
configure:5362: result: pass_all
configure:5373: checking the maximum length of command line arguments
configure:5425: result: 196608
configure:5613: checking for ranlib
configure:5629: found /usr/bin/ranlib
configure:5640: result: ranlib
configure:5693: checking for strip
configure:5709: found /usr/bin/strip
configure:5720: result: strip
ltcf-c.sh:need_lc: gcc -c -g -O2  conftest.c 1>&5
ltcf-c.sh:need_lc: gcc -dynamiclib  -o conftest conftest.o -v -install_name /conftest 
ltconfig:678:checking for gcc option to produce PIC
ltconfig:687:checking that gcc PIC flag -fno-common -DPIC works.
ltconfig:697: gcc -c -g -O2 -fno-common -DPIC -DPIC  conftest.c 1>&5
ltconfig:749: checking if gcc static flag -static works
ltconfig:758: gcc -o conftest -g -O2   -static conftest.c  1>&5
conftest.c:1:1: warning: type specifier missing, defaults to 'int' [-Wimplicit-int]
main(){return(0);}
^
1 warning generated.
ld: library not found for -lcrt0.o
clang: error: linker command failed with exit code 1 (use -v to see invocation)
ltconfig:780: finding the maximum length of command line arguments
ltconfig:@lineno@: result: 98305
ltconfig:833: checking if gcc supports -c -o file.o
ltconfig:834: gcc -c -g -O2 -o out/conftest2.o  conftest.c 1>&5
ltconfig:887: checking if gcc supports -fno-rtti -fno-exceptions
ltconfig:888: gcc -c -g -O2 -fno-rtti -fno-exceptions -c conftest.c  conftest.c 1>&5
ltconfig:1431: checking if global_symbol_pipe works
ltconfig:1432: gcc -c -g -O2  conftest.c 1>&5
ltconfig:1435: eval "/usr/bin/nm conftest.o | sed -n -e 's/^.*[ 	]\([BCDEGRST][BCDEGRST]*\)[ 	][ 	]*\(\)\([_A-Za-z][_A-Za-z0-9]*\)$/\1 \2\3 \3/p' > conftest.nm"
cannot find nm_test_var in conftest.nm
ltconfig:1431: checking if global_symbol_pipe works
ltconfig:1432: gcc -c -g -O2  conftest.c 1>&5
ltconfig:1435: eval "/usr/bin/nm conftest.o | sed -n -e 's/^.*[ 	]\([BCDEGRST][BCDEGRST]*\)[ 	][ 	]*\(_\)\([_A-Za-z][_A-Za-z0-9]*\)$/\1 \2\3 \3/p' > conftest.nm"
ltconfig:1487: gcc -o conftest -g -O2 -fno-builtin -fno-rtti -fno-exceptions   conftest.c conftstm.o 1>&5
configure:6052: checking how to run the C++ preprocessor
configure:6083: g++ -E  conftest.cc
configure:6089: $? = 0
configure:6121: g++ -E  conftest.cc
conftest.cc:24:10: fatal error: 'ac_nonexistent.h' file not found
#include <ac_nonexistent.h>
         ^
1 error generated.
configure:6127: $? = 1
configure: failed program was:
| /* confdefs.h.  */
| 
| #define PACKAGE_NAME "GNU Classpath"
| #define PACKAGE_TARNAME "classpath"
| #define PACKAGE_VERSION "0.92"
| #define PACKAGE_STRING "GNU Classpath 0.92"
| #define PACKAGE_BUGREPORT "classpath@gnu.org"
| #define PACKAGE "classpath"
| #define VERSION "0.92"
| #define STDC_HEADERS 1
| #define HAVE_SYS_TYPES_H 1
| #define HAVE_SYS_STAT_H 1
| #define HAVE_STDLIB_H 1
| #define HAVE_STRING_H 1
| #define HAVE_MEMORY_H 1
| #define HAVE_STRINGS_H 1
| #define HAVE_INTTYPES_H 1
| #define HAVE_STDINT_H 1
| #define HAVE_UNISTD_H 1
| #ifdef __cplusplus
| extern "C" void exit (int) throw ();
| #endif
| /* end confdefs.h.  */
| #include <ac_nonexistent.h>
configure:6166: result: g++ -E
configure:6190: g++ -E  conftest.cc
configure:6196: $? = 0
configure:6228: g++ -E  conftest.cc
conftest.cc:24:10: fatal error: 'ac_nonexistent.h' file not found
#include <ac_nonexistent.h>
         ^
1 error generated.
configure:6234: $? = 1
configure: failed program was:
| /* confdefs.h.  */
| 
| #define PACKAGE_NAME "GNU Classpath"
| #define PACKAGE_TARNAME "classpath"
| #define PACKAGE_VERSION "0.92"
| #define PACKAGE_STRING "GNU Classpath 0.92"
| #define PACKAGE_BUGREPORT "classpath@gnu.org"
| #define PACKAGE "classpath"
| #define VERSION "0.92"
| #define STDC_HEADERS 1
| #define HAVE_SYS_TYPES_H 1
| #define HAVE_SYS_STAT_H 1
| #define HAVE_STDLIB_H 1
| #define HAVE_STRING_H 1
| #define HAVE_MEMORY_H 1
| #define HAVE_STRINGS_H 1
| #define HAVE_INTTYPES_H 1
| #define HAVE_STDINT_H 1
| #define HAVE_UNISTD_H 1
| #ifdef __cplusplus
| extern "C" void exit (int) throw ();
| #endif
| /* end confdefs.h.  */
| #include <ac_nonexistent.h>
g++ -E conftest.cc
ltconfig:678:checking for g++ option to produce PIC
ltconfig:687:checking that g++ PIC flag -fno-common -DPIC works.
ltconfig:697: g++ -c -g -O2 -fno-common -DPIC -DPIC  conftest.cc 1>&5
ltconfig:749: checking if g++ static flag -static works
ltconfig:758: g++ -o conftest -g -O2   -static conftest.cc  1>&5
ld: library not found for -lcrt0.o
clang: error: linker command failed with exit code 1 (use -v to see invocation)
ltconfig:780: finding the maximum length of command line arguments
ltconfig:@lineno@: result: 98305
ltconfig:833: checking if g++ supports -c -o file.o
ltconfig:834: g++ -c -g -O2 -o out/conftest2.o  conftest.cc 1>&5
ltconfig:887: checking if g++ supports -fno-rtti -fno-exceptions
ltconfig:888: g++ -c -g -O2 -fno-rtti -fno-exceptions -c conftest.cc  conftest.cc 1>&5
ltconfig:1431: checking if global_symbol_pipe works
ltconfig:1432: g++ -c -g -O2  conftest.cc 1>&5
ltconfig:1435: eval "/usr/bin/nm conftest.o | sed -n -e 's/^.*[ 	]\([BCDEGRST][BCDEGRST]*\)[ 	][ 	]*\(\)\([_A-Za-z][_A-Za-z0-9]*\)$/\1 \2\3 \3/p' > conftest.nm"
cannot find nm_test_var in conftest.nm
ltconfig:1431: checking if global_symbol_pipe works
ltconfig:1432: g++ -c -g -O2  conftest.cc 1>&5
ltconfig:1435: eval "/usr/bin/nm conftest.o | sed -n -e 's/^.*[ 	]\([BCDEGRST][BCDEGRST]*\)[ 	][ 	]*\(_\)\([_A-Za-z][_A-Za-z0-9]*\)$/\1 \2\3 \3/p' > conftest.nm"
ltconfig:1487: g++ -o conftest -g -O2 -fno-builtin -fno-rtti -fno-exceptions   conftest.cc conftstm.o 1>&5
configure:6352: checking for gcc
configure:6378: result: gcc
configure:6622: checking for C compiler version
configure:6625: gcc --version </dev/null >&5
Configured with: --prefix=/Applications/Xcode.app/Contents/Developer/usr --with-gxx-include-dir=/usr/include/c++/4.2.1
Apple LLVM version 7.0.0 (clang-700.1.76)
Target: x86_64-apple-darwin15.0.0
Thread model: posix
configure:6628: $? = 0
configure:6630: gcc -v </dev/null >&5
Configured with: --prefix=/Applications/Xcode.app/Contents/Developer/usr --with-gxx-include-dir=/usr/include/c++/4.2.1
Apple LLVM version 7.0.0 (clang-700.1.76)
Target: x86_64-apple-darwin15.0.0
Thread model: posix
configure:6633: $? = 0
configure:6635: gcc -V </dev/null >&5
clang: error: argument to '-V' is missing (expected 1 value)
clang: error: no input files
configure:6638: $? = 1
configure:6641: checking whether we are using the GNU C compiler
configure:6697: result: yes
configure:6703: checking whether gcc accepts -g
configure:6754: result: yes
configure:6771: checking for gcc option to accept ANSI C
configure:6878: result: none needed
configure:6896: gcc -c -g -O2  conftest.c >&5
conftest.c:2:3: error: unknown type name 'choke'
  choke me
  ^
conftest.c:2:11: error: expected ';' after top level declarator
  choke me
          ^
          ;
2 errors generated.
configure:6902: $? = 1
configure: failed program was:
| #ifndef __cplusplus
|   choke me
| #endif
configure:7037: checking dependency style of gcc
configure:7127: result: gcc3
configure:7149: checking how to run the C preprocessor
configure:7267: result: gcc -E
configure:7291: gcc -E  conftest.c
configure:7297: $? = 0
configure:7329: gcc -E  conftest.c
conftest.c:24:10: fatal error: 'ac_nonexistent.h' file not found
#include <ac_nonexistent.h>
         ^
1 error generated.
configure:7335: $? = 1
configure: failed program was:
| /* confdefs.h.  */
| 
| #define PACKAGE_NAME "GNU Classpath"
| #define PACKAGE_TARNAME "classpath"
| #define PACKAGE_VERSION "0.92"
| #define PACKAGE_STRING "GNU Classpath 0.92"
| #define PACKAGE_BUGREPORT "classpath@gnu.org"
| #define PACKAGE "classpath"
| #define VERSION "0.92"
| #define STDC_HEADERS 1
| #define HAVE_SYS_TYPES_H 1
| #define HAVE_SYS_STAT_H 1
| #define HAVE_STDLIB_H 1
| #define HAVE_STRING_H 1
| #define HAVE_MEMORY_H 1
| #define HAVE_STRINGS_H 1
| #define HAVE_INTTYPES_H 1
| #define HAVE_STDINT_H 1
| #define HAVE_UNISTD_H 1
| #ifdef __cplusplus
| extern "C" void exit (int) throw ();
| #endif
| /* end confdefs.h.  */
| #include <ac_nonexistent.h>
configure:7428: checking for ANSI C header files
configure:7584: result: yes
configure:7595: checking size of void *
configure:7620: gcc -c -g -O2  conftest.c >&5
conftest.c:32:25: error: duplicate case value '0'
switch (0) case 0: case (sizeof (void *) == 4):;
                        ^
conftest.c:32:17: note: previous case defined here
switch (0) case 0: case (sizeof (void *) == 4):;
                ^
1 error generated.
configure:7626: $? = 1
configure: failed program was:
| /* confdefs.h.  */
| 
| #define PACKAGE_NAME "GNU Classpath"
| #define PACKAGE_TARNAME "classpath"
| #define PACKAGE_VERSION "0.92"
| #define PACKAGE_STRING "GNU Classpath 0.92"
| #define PACKAGE_BUGREPORT "classpath@gnu.org"
| #define PACKAGE "classpath"
| #define VERSION "0.92"
| #define STDC_HEADERS 1
| #define HAVE_SYS_TYPES_H 1
| #define HAVE_SYS_STAT_H 1
| #define HAVE_STDLIB_H 1
| #define HAVE_STRING_H 1
| #define HAVE_MEMORY_H 1
| #define HAVE_STRINGS_H 1
| #define HAVE_INTTYPES_H 1
| #define HAVE_STDINT_H 1
| #define HAVE_UNISTD_H 1
| #ifdef __cplusplus
| extern "C" void exit (int) throw ();
| #endif
| #define STDC_HEADERS 1
| /* end confdefs.h.  */
| #include "confdefs.h"
| #include <sys/types.h>
| 
| 
| int
| main ()
| {
| switch (0) case 0: case (sizeof (void *) == 4):;
|   ;
|   return 0;
| }
configure:7620: gcc -c -g -O2  conftest.c >&5
configure:7626: $? = 0
configure:7630: test -z 
			 || test ! -s conftest.err
configure:7633: $? = 0
configure:7636: test -s conftest.o
configure:7639: $? = 0
configure:7658: result: 8
configure:7667: checking whether byte ordering is bigendian
configure:7694: gcc -c -g -O2  conftest.c >&5
configure:7700: $? = 0
configure:7704: test -z 
			 || test ! -s conftest.err
configure:7707: $? = 0
configure:7710: test -s conftest.o
configure:7713: $? = 0
configure:7736: gcc -c -g -O2  conftest.c >&5
conftest.c:33:2: error: use of undeclared identifier 'not'
 not big endian
 ^
1 error generated.
configure:7742: $? = 1
configure: failed program was:
| /* confdefs.h.  */
| 
| #define PACKAGE_NAME "GNU Classpath"
| #define PACKAGE_TARNAME "classpath"
| #define PACKAGE_VERSION "0.92"
| #define PACKAGE_STRING "GNU Classpath 0.92"
| #define PACKAGE_BUGREPORT "classpath@gnu.org"
| #define PACKAGE "classpath"
| #define VERSION "0.92"
| #define STDC_HEADERS 1
| #define HAVE_SYS_TYPES_H 1
| #define HAVE_SYS_STAT_H 1
| #define HAVE_STDLIB_H 1
| #define HAVE_STRING_H 1
| #define HAVE_MEMORY_H 1
| #define HAVE_STRINGS_H 1
| #define HAVE_INTTYPES_H 1
| #define HAVE_STDINT_H 1
| #define HAVE_UNISTD_H 1
| #ifdef __cplusplus
| extern "C" void exit (int) throw ();
| #endif
| #define STDC_HEADERS 1
| #define SIZEOF_VOID_P 8
| /* end confdefs.h.  */
| #include <sys/types.h>
| #include <sys/param.h>
| int
| main ()
| {
| 
| #if BYTE_ORDER != BIG_ENDIAN
|  not big endian
| #endif
|   ;
|   return 0;
| }
configure:7816: result: no
configure:7906: checking for unistd.h
configure:7911: result: yes
configure:7906: checking for sys/types.h
configure:7911: result: yes
configure:7915: checking sys/config.h usability
configure:7927: gcc -c -g -O2  conftest.c >&5
conftest.c:63:10: fatal error: 'sys/config.h' file not found
#include <sys/config.h>
         ^
1 error generated.
configure:7933: $? = 1
configure: failed program was:
| /* confdefs.h.  */
| 
| #define PACKAGE_NAME "GNU Classpath"
| #define PACKAGE_TARNAME "classpath"
| #define PACKAGE_VERSION "0.92"
| #define PACKAGE_STRING "GNU Classpath 0.92"
| #define PACKAGE_BUGREPORT "classpath@gnu.org"
| #define PACKAGE "classpath"
| #define VERSION "0.92"
| #define STDC_HEADERS 1
| #define HAVE_SYS_TYPES_H 1
| #define HAVE_SYS_STAT_H 1
| #define HAVE_STDLIB_H 1
| #define HAVE_STRING_H 1
| #define HAVE_MEMORY_H 1
| #define HAVE_STRINGS_H 1
| #define HAVE_INTTYPES_H 1
| #define HAVE_STDINT_H 1
| #define HAVE_UNISTD_H 1
| #ifdef __cplusplus
| extern "C" void exit (int) throw ();
| #endif
| #define STDC_HEADERS 1
| #define SIZEOF_VOID_P 8
| #define BYTEORDER 1234
| #define HAVE_UNISTD_H 1
| #define HAVE_SYS_TYPES_H 1
| /* end confdefs.h.  */
| #include <stdio.h>
| #if HAVE_SYS_TYPES_H
| # include <sys/types.h>
| #endif
| #if HAVE_SYS_STAT_H
| # include <sys/stat.h>
| #endif
| #if STDC_HEADERS
| # include <stdlib.h>
| # include <stddef.h>
| #else
| # if HAVE_STDLIB_H
| #  include <stdlib.h>
| # endif
| #endif
| #if HAVE_STRING_H
| # if !STDC_HEADERS && HAVE_MEMORY_H
| #  include <memory.h>
| # endif
| # include <string.h>
| #endif
| #if HAVE_STRINGS_H
| # include <strings.h>
| #endif
| #if HAVE_INTTYPES_H
| # include <inttypes.h>
| #else
| # if HAVE_STDINT_H
| #  include <stdint.h>
| # endif
| #endif
| #if HAVE_UNISTD_H
| # include <unistd.h>
| #endif
| #include <sys/config.h>
configure:7956: result: no
configure:7960: checking sys/config.h presence
configure:7970: gcc -E  conftest.c
conftest.c:29:10: fatal error: 'sys/config.h' file not found
#include <sys/config.h>
         ^
1 error generated.
configure:7976: $? = 1
configure: failed program was:
| /* confdefs.h.  */
| 
| #define PACKAGE_NAME "GNU Classpath"
| #define PACKAGE_TARNAME "classpath"
| #define PACKAGE_VERSION "0.92"
| #define PACKAGE_STRING "GNU Classpath 0.92"
| #define PACKAGE_BUGREPORT "classpath@gnu.org"
| #define PACKAGE "classpath"
| #define VERSION "0.92"
| #define STDC_HEADERS 1
| #define HAVE_SYS_TYPES_H 1
| #define HAVE_SYS_STAT_H 1
| #define HAVE_STDLIB_H 1
| #define HAVE_STRING_H 1
| #define HAVE_MEMORY_H 1
| #define HAVE_STRINGS_H 1
| #define HAVE_INTTYPES_H 1
| #define HAVE_STDINT_H 1
| #define HAVE_UNISTD_H 1
| #ifdef __cplusplus
| extern "C" void exit (int) throw ();
| #endif
| #define STDC_HEADERS 1
| #define SIZEOF_VOID_P 8
| #define BYTEORDER 1234
| #define HAVE_UNISTD_H 1
| #define HAVE_SYS_TYPES_H 1
| /* end confdefs.h.  */
| #include <sys/config.h>
configure:7996: result: no
configure:8031: checking for sys/config.h
configure:8038: result: no
configure:7915: checking sys/ioctl.h usability
configure:7927: gcc -c -g -O2  conftest.c >&5
configure:7933: $? = 0
configure:7937: test -z 
			 || test ! -s conftest.err
configure:7940: $? = 0
configure:7943: test -s conftest.o
configure:7946: $? = 0
configure:7956: result: yes
configure:7960: checking sys/ioctl.h presence
configure:7970: gcc -E  conftest.c
configure:7976: $? = 0
configure:7996: result: yes
configure:8031: checking for sys/ioctl.h
configure:8038: result: yes
configure:7915: checking asm/ioctls.h usability
configure:7927: gcc -c -g -O2  conftest.c >&5
conftest.c:64:10: fatal error: 'asm/ioctls.h' file not found
#include <asm/ioctls.h>
         ^
1 error generated.
configure:7933: $? = 1
configure: failed program was:
| /* confdefs.h.  */
| 
| #define PACKAGE_NAME "GNU Classpath"
| #define PACKAGE_TARNAME "classpath"
| #define PACKAGE_VERSION "0.92"
| #define PACKAGE_STRING "GNU Classpath 0.92"
| #define PACKAGE_BUGREPORT "classpath@gnu.org"
| #define PACKAGE "classpath"
| #define VERSION "0.92"
| #define STDC_HEADERS 1
| #define HAVE_SYS_TYPES_H 1
| #define HAVE_SYS_STAT_H 1
| #define HAVE_STDLIB_H 1
| #define HAVE_STRING_H 1
| #define HAVE_MEMORY_H 1
| #define HAVE_STRINGS_H 1
| #define HAVE_INTTYPES_H 1
| #define HAVE_STDINT_H 1
| #define HAVE_UNISTD_H 1
| #ifdef __cplusplus
| extern "C" void exit (int) throw ();
| #endif
| #define STDC_HEADERS 1
| #define SIZEOF_VOID_P 8
| #define BYTEORDER 1234
| #define HAVE_UNISTD_H 1
| #define HAVE_SYS_TYPES_H 1
| #define HAVE_SYS_IOCTL_H 1
| /* end confdefs.h.  */
| #include <stdio.h>
| #if HAVE_SYS_TYPES_H
| # include <sys/types.h>
| #endif
| #if HAVE_SYS_STAT_H
| # include <sys/stat.h>
| #endif
| #if STDC_HEADERS
| # include <stdlib.h>
| # include <stddef.h>
| #else
| # if HAVE_STDLIB_H
| #  include <stdlib.h>
| # endif
| #endif
| #if HAVE_STRING_H
| # if !STDC_HEADERS && HAVE_MEMORY_H
| #  include <memory.h>
| # endif
| # include <string.h>
| #endif
| #if HAVE_STRINGS_H
| # include <strings.h>
| #endif
| #if HAVE_INTTYPES_H
| # include <inttypes.h>
| #else
| # if HAVE_STDINT_H
| #  include <stdint.h>
| # endif
| #endif
| #if HAVE_UNISTD_H
| # include <unistd.h>
| #endif
| #include <asm/ioctls.h>
configure:7956: result: no
configure:7960: checking asm/ioctls.h presence
configure:7970: gcc -E  conftest.c
conftest.c:30:10: fatal error: 'asm/ioctls.h' file not found
#include <asm/ioctls.h>
         ^
1 error generated.
configure:7976: $? = 1
configure: failed program was:
| /* confdefs.h.  */
| 
| #define PACKAGE_NAME "GNU Classpath"
| #define PACKAGE_TARNAME "classpath"
| #define PACKAGE_VERSION "0.92"
| #define PACKAGE_STRING "GNU Classpath 0.92"
| #define PACKAGE_BUGREPORT "classpath@gnu.org"
| #define PACKAGE "classpath"
| #define VERSION "0.92"
| #define STDC_HEADERS 1
| #define HAVE_SYS_TYPES_H 1
| #define HAVE_SYS_STAT_H 1
| #define HAVE_STDLIB_H 1
| #define HAVE_STRING_H 1
| #define HAVE_MEMORY_H 1
| #define HAVE_STRINGS_H 1
| #define HAVE_INTTYPES_H 1
| #define HAVE_STDINT_H 1
| #define HAVE_UNISTD_H 1
| #ifdef __cplusplus
| extern "C" void exit (int) throw ();
| #endif
| #define STDC_HEADERS 1
| #define SIZEOF_VOID_P 8
| #define BYTEORDER 1234
| #define HAVE_UNISTD_H 1
| #define HAVE_SYS_TYPES_H 1
| #define HAVE_SYS_IOCTL_H 1
| /* end confdefs.h.  */
| #include <asm/ioctls.h>
configure:7996: result: no
configure:8031: checking for asm/ioctls.h
configure:8038: result: no
configure:7906: checking for inttypes.h
configure:7911: result: yes
configure:7906: checking for stdint.h
configure:7911: result: yes
configure:7915: checking utime.h usability
configure:7927: gcc -c -g -O2  conftest.c >&5
configure:7933: $? = 0
configure:7937: test -z 
			 || test ! -s conftest.err
configure:7940: $? = 0
configure:7943: test -s conftest.o
configure:7946: $? = 0
configure:7956: result: yes
configure:7960: checking utime.h presence
configure:7970: gcc -E  conftest.c
configure:7976: $? = 0
configure:7996: result: yes
configure:8031: checking for utime.h
configure:8038: result: yes
configure:7915: checking sys/utime.h usability
configure:7927: gcc -c -g -O2  conftest.c >&5
conftest.c:67:10: fatal error: 'sys/utime.h' file not found
#include <sys/utime.h>
         ^
1 error generated.
configure:7933: $? = 1
configure: failed program was:
| /* confdefs.h.  */
| 
| #define PACKAGE_NAME "GNU Classpath"
| #define PACKAGE_TARNAME "classpath"
| #define PACKAGE_VERSION "0.92"
| #define PACKAGE_STRING "GNU Classpath 0.92"
| #define PACKAGE_BUGREPORT "classpath@gnu.org"
| #define PACKAGE "classpath"
| #define VERSION "0.92"
| #define STDC_HEADERS 1
| #define HAVE_SYS_TYPES_H 1
| #define HAVE_SYS_STAT_H 1
| #define HAVE_STDLIB_H 1
| #define HAVE_STRING_H 1
| #define HAVE_MEMORY_H 1
| #define HAVE_STRINGS_H 1
| #define HAVE_INTTYPES_H 1
| #define HAVE_STDINT_H 1
| #define HAVE_UNISTD_H 1
| #ifdef __cplusplus
| extern "C" void exit (int) throw ();
| #endif
| #define STDC_HEADERS 1
| #define SIZEOF_VOID_P 8
| #define BYTEORDER 1234
| #define HAVE_UNISTD_H 1
| #define HAVE_SYS_TYPES_H 1
| #define HAVE_SYS_IOCTL_H 1
| #define HAVE_INTTYPES_H 1
| #define HAVE_STDINT_H 1
| #define HAVE_UTIME_H 1
| /* end confdefs.h.  */
| #include <stdio.h>
| #if HAVE_SYS_TYPES_H
| # include <sys/types.h>
| #endif
| #if HAVE_SYS_STAT_H
| # include <sys/stat.h>
| #endif
| #if STDC_HEADERS
| # include <stdlib.h>
| # include <stddef.h>
| #else
| # if HAVE_STDLIB_H
| #  include <stdlib.h>
| # endif
| #endif
| #if HAVE_STRING_H
| # if !STDC_HEADERS && HAVE_MEMORY_H
| #  include <memory.h>
| # endif
| # include <string.h>
| #endif
| #if HAVE_STRINGS_H
| # include <strings.h>
| #endif
| #if HAVE_INTTYPES_H
| # include <inttypes.h>
| #else
| # if HAVE_STDINT_H
| #  include <stdint.h>
| # endif
| #endif
| #if HAVE_UNISTD_H
| # include <unistd.h>
| #endif
| #include <sys/utime.h>
configure:7956: result: no
configure:7960: checking sys/utime.h presence
configure:7970: gcc -E  conftest.c
conftest.c:33:10: fatal error: 'sys/utime.h' file not found
#include <sys/utime.h>
         ^
1 error generated.
configure:7976: $? = 1
configure: failed program was:
| /* confdefs.h.  */
| 
| #define PACKAGE_NAME "GNU Classpath"
| #define PACKAGE_TARNAME "classpath"
| #define PACKAGE_VERSION "0.92"
| #define PACKAGE_STRING "GNU Classpath 0.92"
| #define PACKAGE_BUGREPORT "classpath@gnu.org"
| #define PACKAGE "classpath"
| #define VERSION "0.92"
| #define STDC_HEADERS 1
| #define HAVE_SYS_TYPES_H 1
| #define HAVE_SYS_STAT_H 1
| #define HAVE_STDLIB_H 1
| #define HAVE_STRING_H 1
| #define HAVE_MEMORY_H 1
| #define HAVE_STRINGS_H 1
| #define HAVE_INTTYPES_H 1
| #define HAVE_STDINT_H 1
| #define HAVE_UNISTD_H 1
| #ifdef __cplusplus
| extern "C" void exit (int) throw ();
| #endif
| #define STDC_HEADERS 1
| #define SIZEOF_VOID_P 8
| #define BYTEORDER 1234
| #define HAVE_UNISTD_H 1
| #define HAVE_SYS_TYPES_H 1
| #define HAVE_SYS_IOCTL_H 1
| #define HAVE_INTTYPES_H 1
| #define HAVE_STDINT_H 1
| #define HAVE_UTIME_H 1
| /* end confdefs.h.  */
| #include <sys/utime.h>
configure:7996: result: no
configure:8031: checking for sys/utime.h
configure:8038: result: no
configure:7915: checking sys/filio.h usability
configure:7927: gcc -c -g -O2  conftest.c >&5
configure:7933: $? = 0
configure:7937: test -z 
			 || test ! -s conftest.err
configure:7940: $? = 0
configure:7943: test -s conftest.o
configure:7946: $? = 0
configure:7956: result: yes
configure:7960: checking sys/filio.h presence
configure:7970: gcc -E  conftest.c
configure:7976: $? = 0
configure:7996: result: yes
configure:8031: checking for sys/filio.h
configure:8038: result: yes
configure:7915: checking sys/time.h usability
configure:7927: gcc -c -g -O2  conftest.c >&5
configure:7933: $? = 0
configure:7937: test -z 
			 || test ! -s conftest.err
configure:7940: $? = 0
configure:7943: test -s conftest.o
configure:7946: $? = 0
configure:7956: result: yes
configure:7960: checking sys/time.h presence
configure:7970: gcc -E  conftest.c
configure:7976: $? = 0
configure:7996: result: yes
configure:8031: checking for sys/time.h
configure:8038: result: yes
configure:7915: checking sys/select.h usability
configure:7927: gcc -c -g -O2  conftest.c >&5
configure:7933: $? = 0
configure:7937: test -z 
			 || test ! -s conftest.err
configure:7940: $? = 0
configure:7943: test -s conftest.o
configure:7946: $? = 0
configure:7956: result: yes
configure:7960: checking sys/select.h presence
configure:7970: gcc -E  conftest.c
configure:7976: $? = 0
configure:7996: result: yes
configure:8031: checking for sys/select.h
configure:8038: result: yes
configure:7915: checking crt_externs.h usability
configure:7927: gcc -c -g -O2  conftest.c >&5
configure:7933: $? = 0
configure:7937: test -z 
			 || test ! -s conftest.err
configure:7940: $? = 0
configure:7943: test -s conftest.o
configure:7946: $? = 0
configure:7956: result: yes
configure:7960: checking crt_externs.h presence
configure:7970: gcc -E  conftest.c
configure:7976: $? = 0
configure:7996: result: yes
configure:8031: checking for crt_externs.h
configure:8038: result: yes
configure:7915: checking fcntl.h usability
configure:7927: gcc -c -g -O2  conftest.c >&5
configure:7933: $? = 0
configure:7937: test -z 
			 || test ! -s conftest.err
configure:7940: $? = 0
configure:7943: test -s conftest.o
configure:7946: $? = 0
configure:7956: result: yes
configure:7960: checking fcntl.h presence
configure:7970: gcc -E  conftest.c
configure:7976: $? = 0
configure:7996: result: yes
configure:8031: checking for fcntl.h
configure:8038: result: yes
configure:7915: checking sys/mman.h usability
configure:7927: gcc -c -g -O2  conftest.c >&5
configure:7933: $? = 0
configure:7937: test -z 
			 || test ! -s conftest.err
configure:7940: $? = 0
configure:7943: test -s conftest.o
configure:7946: $? = 0
configure:7956: result: yes
configure:7960: checking sys/mman.h presence
configure:7970: gcc -E  conftest.c
configure:7976: $? = 0
configure:7996: result: yes
configure:8031: checking for sys/mman.h
configure:8038: result: yes
configure:7915: checking magic.h usability
configure:7927: gcc -c -g -O2  conftest.c >&5
configure:7933: $? = 0
configure:7937: test -z 
			 || test ! -s conftest.err
configure:7940: $? = 0
configure:7943: test -s conftest.o
configure:7946: $? = 0
configure:7956: result: yes
configure:7960: checking magic.h presence
configure:7970: gcc -E  conftest.c
configure:7976: $? = 0
configure:7996: result: yes
configure:8031: checking for magic.h
configure:8038: result: yes
conftest.c:43:10: fatal error: 'sys/config.h' file not found
#include <sys/config.h>
         ^
1 error generated.
configure:8185: checking for ftruncate
configure:8242: gcc -o conftest -g -O2   conftest.c  >&5
configure:8248: $? = 0
configure:8252: test -z 
			 || test ! -s conftest.err
configure:8255: $? = 0
configure:8258: test -s conftest
configure:8261: $? = 0
configure:8273: result: yes
configure:8185: checking for fsync
configure:8242: gcc -o conftest -g -O2   conftest.c  >&5
configure:8248: $? = 0
configure:8252: test -z 
			 || test ! -s conftest.err
configure:8255: $? = 0
configure:8258: test -s conftest
configure:8261: $? = 0
configure:8273: result: yes
configure:8185: checking for select
configure:8242: gcc -o conftest -g -O2   conftest.c  >&5
configure:8248: $? = 0
configure:8252: test -z 
			 || test ! -s conftest.err
configure:8255: $? = 0
configure:8258: test -s conftest
configure:8261: $? = 0
configure:8273: result: yes
configure:8185: checking for gethostname
configure:8242: gcc -o conftest -g -O2   conftest.c  >&5
configure:8248: $? = 0
configure:8252: test -z 
			 || test ! -s conftest.err
configure:8255: $? = 0
configure:8258: test -s conftest
configure:8261: $? = 0
configure:8273: result: yes
configure:8185: checking for socket
configure:8242: gcc -o conftest -g -O2   conftest.c  >&5
configure:8248: $? = 0
configure:8252: test -z 
			 || test ! -s conftest.err
configure:8255: $? = 0
configure:8258: test -s conftest
configure:8261: $? = 0
configure:8273: result: yes
configure:8185: checking for strerror
configure:8242: gcc -o conftest -g -O2   conftest.c  >&5
conftest.c:72:6: warning: incompatible redeclaration of library function 'strerror' [-Wincompatible-library-redeclaration]
char strerror ();
     ^
conftest.c:72:6: note: 'strerror' is a builtin with type 'char *(int)'
1 warning generated.
configure:8248: $? = 0
configure:8252: test -z 
			 || test ! -s conftest.err
configure:8255: $? = 0
configure:8258: test -s conftest
configure:8261: $? = 0
configure:8273: result: yes
configure:8185: checking for fork
configure:8242: gcc -o conftest -g -O2   conftest.c  >&5
configure:8248: $? = 0
configure:8252: test -z 
			 || test ! -s conftest.err
configure:8255: $? = 0
configure:8258: test -s conftest
configure:8261: $? = 0
configure:8273: result: yes
configure:8185: checking for pipe
configure:8242: gcc -o conftest -g -O2   conftest.c  >&5
configure:8248: $? = 0
configure:8252: test -z 
			 || test ! -s conftest.err
configure:8255: $? = 0
configure:8258: test -s conftest
configure:8261: $? = 0
configure:8273: result: yes
configure:8185: checking for execve
configure:8242: gcc -o conftest -g -O2   conftest.c  >&5
configure:8248: $? = 0
configure:8252: test -z 
			 || test ! -s conftest.err
configure:8255: $? = 0
configure:8258: test -s conftest
configure:8261: $? = 0
configure:8273: result: yes
configure:8185: checking for open
configure:8242: gcc -o conftest -g -O2   conftest.c  >&5
configure:8248: $? = 0
configure:8252: test -z 
			 || test ! -s conftest.err
configure:8255: $? = 0
configure:8258: test -s conftest
configure:8261: $? = 0
configure:8273: result: yes
configure:8185: checking for close
configure:8242: gcc -o conftest -g -O2   conftest.c  >&5
configure:8248: $? = 0
configure:8252: test -z 
			 || test ! -s conftest.err
configure:8255: $? = 0
configure:8258: test -s conftest
configure:8261: $? = 0
configure:8273: result: yes
configure:8185: checking for lseek
configure:8242: gcc -o conftest -g -O2   conftest.c  >&5
configure:8248: $? = 0
configure:8252: test -z 
			 || test ! -s conftest.err
configure:8255: $? = 0
configure:8258: test -s conftest
configure:8261: $? = 0
configure:8273: result: yes
configure:8185: checking for fstat
configure:8242: gcc -o conftest -g -O2   conftest.c  >&5
configure:8248: $? = 0
configure:8252: test -z 
			 || test ! -s conftest.err
configure:8255: $? = 0
configure:8258: test -s conftest
configure:8261: $? = 0
configure:8273: result: yes
configure:8185: checking for read
configure:8242: gcc -o conftest -g -O2   conftest.c  >&5
configure:8248: $? = 0
configure:8252: test -z 
			 || test ! -s conftest.err
configure:8255: $? = 0
configure:8258: test -s conftest
configure:8261: $? = 0
configure:8273: result: yes
configure:8185: checking for write
configure:8242: gcc -o conftest -g -O2   conftest.c  >&5
configure:8248: $? = 0
configure:8252: test -z 
			 || test ! -s conftest.err
configure:8255: $? = 0
configure:8258: test -s conftest
configure:8261: $? = 0
configure:8273: result: yes
configure:8185: checking for htonl
configure:8242: gcc -o conftest -g -O2   conftest.c  >&5
configure:8248: $? = 0
configure:8252: test -z 
			 || test ! -s conftest.err
configure:8255: $? = 0
configure:8258: test -s conftest
configure:8261: $? = 0
configure:8273: result: yes
configure:8185: checking for memset
configure:8242: gcc -o conftest -g -O2   conftest.c  >&5
conftest.c:83:6: warning: incompatible redeclaration of library function 'memset' [-Wincompatible-library-redeclaration]
char memset ();
     ^
conftest.c:83:6: note: 'memset' is a builtin with type 'void *(void *, int, unsigned long)'
1 warning generated.
configure:8248: $? = 0
configure:8252: test -z 
			 || test ! -s conftest.err
configure:8255: $? = 0
configure:8258: test -s conftest
configure:8261: $? = 0
configure:8273: result: yes
configure:8185: checking for htons
configure:8242: gcc -o conftest -g -O2   conftest.c  >&5
configure:8248: $? = 0
configure:8252: test -z 
			 || test ! -s conftest.err
configure:8255: $? = 0
configure:8258: test -s conftest
configure:8261: $? = 0
configure:8273: result: yes
configure:8185: checking for connect
configure:8242: gcc -o conftest -g -O2   conftest.c  >&5
configure:8248: $? = 0
configure:8252: test -z 
			 || test ! -s conftest.err
configure:8255: $? = 0
configure:8258: test -s conftest
configure:8261: $? = 0
configure:8273: result: yes
configure:8185: checking for getsockname
configure:8242: gcc -o conftest -g -O2   conftest.c  >&5
configure:8248: $? = 0
configure:8252: test -z 
			 || test ! -s conftest.err
configure:8255: $? = 0
configure:8258: test -s conftest
configure:8261: $? = 0
configure:8273: result: yes
configure:8185: checking for getpeername
configure:8242: gcc -o conftest -g -O2   conftest.c  >&5
configure:8248: $? = 0
configure:8252: test -z 
			 || test ! -s conftest.err
configure:8255: $? = 0
configure:8258: test -s conftest
configure:8261: $? = 0
configure:8273: result: yes
configure:8185: checking for bind
configure:8242: gcc -o conftest -g -O2   conftest.c  >&5
configure:8248: $? = 0
configure:8252: test -z 
			 || test ! -s conftest.err
configure:8255: $? = 0
configure:8258: test -s conftest
configure:8261: $? = 0
configure:8273: result: yes
configure:8185: checking for listen
configure:8242: gcc -o conftest -g -O2   conftest.c  >&5
configure:8248: $? = 0
configure:8252: test -z 
			 || test ! -s conftest.err
configure:8255: $? = 0
configure:8258: test -s conftest
configure:8261: $? = 0
configure:8273: result: yes
configure:8185: checking for accept
configure:8242: gcc -o conftest -g -O2   conftest.c  >&5
configure:8248: $? = 0
configure:8252: test -z 
			 || test ! -s conftest.err
configure:8255: $? = 0
configure:8258: test -s conftest
configure:8261: $? = 0
configure:8273: result: yes
configure:8185: checking for recvfrom
configure:8242: gcc -o conftest -g -O2   conftest.c  >&5
configure:8248: $? = 0
configure:8252: test -z 
			 || test ! -s conftest.err
configure:8255: $? = 0
configure:8258: test -s conftest
configure:8261: $? = 0
configure:8273: result: yes
configure:8185: checking for send
configure:8242: gcc -o conftest -g -O2   conftest.c  >&5
configure:8248: $? = 0
configure:8252: test -z 
			 || test ! -s conftest.err
configure:8255: $? = 0
configure:8258: test -s conftest
configure:8261: $? = 0
configure:8273: result: yes
configure:8185: checking for sendto
configure:8242: gcc -o conftest -g -O2   conftest.c  >&5
configure:8248: $? = 0
configure:8252: test -z 
			 || test ! -s conftest.err
configure:8255: $? = 0
configure:8258: test -s conftest
configure:8261: $? = 0
configure:8273: result: yes
configure:8185: checking for setsockopt
configure:8242: gcc -o conftest -g -O2   conftest.c  >&5
configure:8248: $? = 0
configure:8252: test -z 
			 || test ! -s conftest.err
configure:8255: $? = 0
configure:8258: test -s conftest
configure:8261: $? = 0
configure:8273: result: yes
configure:8185: checking for getsockopt
configure:8242: gcc -o conftest -g -O2   conftest.c  >&5
configure:8248: $? = 0
configure:8252: test -z 
			 || test ! -s conftest.err
configure:8255: $? = 0
configure:8258: test -s conftest
configure:8261: $? = 0
configure:8273: result: yes
configure:8185: checking for time
configure:8242: gcc -o conftest -g -O2   conftest.c  >&5
configure:8248: $? = 0
configure:8252: test -z 
			 || test ! -s conftest.err
configure:8255: $? = 0
configure:8258: test -s conftest
configure:8261: $? = 0
configure:8273: result: yes
configure:8185: checking for mktime
configure:8242: gcc -o conftest -g -O2   conftest.c  >&5
configure:8248: $? = 0
configure:8252: test -z 
			 || test ! -s conftest.err
configure:8255: $? = 0
configure:8258: test -s conftest
configure:8261: $? = 0
configure:8273: result: yes
configure:8185: checking for localtime_r
configure:8242: gcc -o conftest -g -O2   conftest.c  >&5
configure:8248: $? = 0
configure:8252: test -z 
			 || test ! -s conftest.err
configure:8255: $? = 0
configure:8258: test -s conftest
configure:8261: $? = 0
configure:8273: result: yes
configure:8185: checking for strerror_r
configure:8242: gcc -o conftest -g -O2   conftest.c  >&5
configure:8248: $? = 0
configure:8252: test -z 
			 || test ! -s conftest.err
configure:8255: $? = 0
configure:8258: test -s conftest
configure:8261: $? = 0
configure:8273: result: yes
configure:8185: checking for fcntl
configure:8242: gcc -o conftest -g -O2   conftest.c  >&5
configure:8248: $? = 0
configure:8252: test -z 
			 || test ! -s conftest.err
configure:8255: $? = 0
configure:8258: test -s conftest
configure:8261: $? = 0
configure:8273: result: yes
configure:8185: checking for mmap
configure:8242: gcc -o conftest -g -O2   conftest.c  >&5
configure:8248: $? = 0
configure:8252: test -z 
			 || test ! -s conftest.err
configure:8255: $? = 0
configure:8258: test -s conftest
configure:8261: $? = 0
configure:8273: result: yes
configure:8185: checking for munmap
configure:8242: gcc -o conftest -g -O2   conftest.c  >&5
configure:8248: $? = 0
configure:8252: test -z 
			 || test ! -s conftest.err
configure:8255: $? = 0
configure:8258: test -s conftest
configure:8261: $? = 0
configure:8273: result: yes
configure:8185: checking for mincore
configure:8242: gcc -o conftest -g -O2   conftest.c  >&5
configure:8248: $? = 0
configure:8252: test -z 
			 || test ! -s conftest.err
configure:8255: $? = 0
configure:8258: test -s conftest
configure:8261: $? = 0
configure:8273: result: yes
configure:8185: checking for msync
configure:8242: gcc -o conftest -g -O2   conftest.c  >&5
configure:8248: $? = 0
configure:8252: test -z 
			 || test ! -s conftest.err
configure:8255: $? = 0
configure:8258: test -s conftest
configure:8261: $? = 0
configure:8273: result: yes
configure:8185: checking for madvise
configure:8242: gcc -o conftest -g -O2   conftest.c  >&5
configure:8248: $? = 0
configure:8252: test -z 
			 || test ! -s conftest.err
configure:8255: $? = 0
configure:8258: test -s conftest
configure:8261: $? = 0
configure:8273: result: yes
configure:8185: checking for getpagesize
configure:8242: gcc -o conftest -g -O2   conftest.c  >&5
configure:8248: $? = 0
configure:8252: test -z 
			 || test ! -s conftest.err
configure:8255: $? = 0
configure:8258: test -s conftest
configure:8261: $? = 0
configure:8273: result: yes
configure:8185: checking for sysconf
configure:8242: gcc -o conftest -g -O2   conftest.c  >&5
configure:8248: $? = 0
configure:8252: test -z 
			 || test ! -s conftest.err
configure:8255: $? = 0
configure:8258: test -s conftest
configure:8261: $? = 0
configure:8273: result: yes
configure:8185: checking for lstat
configure:8242: gcc -o conftest -g -O2   conftest.c  >&5
configure:8248: $? = 0
configure:8252: test -z 
			 || test ! -s conftest.err
configure:8255: $? = 0
configure:8258: test -s conftest
configure:8261: $? = 0
configure:8273: result: yes
configure:8185: checking for readlink
configure:8242: gcc -o conftest -g -O2   conftest.c  >&5
configure:8248: $? = 0
configure:8252: test -z 
			 || test ! -s conftest.err
configure:8255: $? = 0
configure:8258: test -s conftest
configure:8261: $? = 0
configure:8273: result: yes
configure:8285: checking for magic_open in -lmagic
configure:8315: gcc -o conftest -g -O2   conftest.c -lmagic   >&5
configure:8321: $? = 0
configure:8325: test -z 
			 || test ! -s conftest.err
configure:8328: $? = 0
configure:8331: test -s conftest
configure:8334: $? = 0
configure:8347: result: yes
configure:8355: checking whether time.h and sys/time.h may both be included
configure:8380: gcc -c -g -O2  conftest.c >&5
configure:8386: $? = 0
configure:8390: test -z 
			 || test ! -s conftest.err
configure:8393: $? = 0
configure:8396: test -s conftest.o
configure:8399: $? = 0
configure:8410: result: yes
configure:8420: checking whether struct tm is in sys/time.h or time.h
configure:8443: gcc -c -g -O2  conftest.c >&5
conftest.c:93:20: warning: expression result unused [-Wunused-value]
struct tm *tp; tp->tm_sec;
               ~~  ^~~~~~
1 warning generated.
configure:8449: $? = 0
configure:8453: test -z 
			 || test ! -s conftest.err
configure:8456: $? = 0
configure:8459: test -s conftest.o
configure:8462: $? = 0
configure:8473: result: time.h
configure:8483: checking for struct tm.tm_zone
configure:8509: gcc -c -g -O2  conftest.c >&5
configure:8515: $? = 0
configure:8519: test -z 
			 || test ! -s conftest.err
configure:8522: $? = 0
configure:8525: test -s conftest.o
configure:8528: $? = 0
configure:8588: result: yes
configure:8674: checking for tm_gmtoff in struct tm
configure:8692: gcc -c -g -O2  conftest.c >&5
configure:8698: $? = 0
configure:8702: test -z 
			 || test ! -s conftest.err
configure:8705: $? = 0
configure:8708: test -s conftest.o
configure:8711: $? = 0
configure:8718: result: yes
configure:8837: checking for an ANSI C-conforming const
configure:8904: gcc -c -g -O2  conftest.c >&5
configure:8910: $? = 0
configure:8914: test -z 
			 || test ! -s conftest.err
configure:8917: $? = 0
configure:8920: test -s conftest.o
configure:8923: $? = 0
configure:8934: result: yes
configure:8944: checking for __attribute__
configure:8960: gcc -c -g -O2  conftest.c >&5
configure:8966: $? = 0
configure:8970: test -z 
			 || test ! -s conftest.err
configure:8973: $? = 0
configure:8976: test -s conftest.o
configure:8979: $? = 0
configure:8992: result: yes
configure:9046: checking for ld used by GCC
configure:9109: result: /Applications/Xcode.app/Contents/Developer/Toolchains/XcodeDefault.xctoolchain/usr/bin/ld
configure:9118: checking if the linker (/Applications/Xcode.app/Contents/Developer/Toolchains/XcodeDefault.xctoolchain/usr/bin/ld) is GNU ld
configure:9130: result: no
configure:9136: checking for shared library run path origin
configure:9149: result: done
configure:9579: checking for iconv
configure:9606: gcc -o conftest -g -O2   conftest.c  >&5
Undefined symbols for architecture x86_64:
  "_iconv", referenced from:
      _main in conftest-b9cf95.o
  "_iconv_close", referenced from:
      _main in conftest-b9cf95.o
  "_iconv_open", referenced from:
      _main in conftest-b9cf95.o
ld: symbol(s) not found for architecture x86_64
clang: error: linker command failed with exit code 1 (use -v to see invocation)
configure:9612: $? = 1
configure: failed program was:
| /* confdefs.h.  */
| 
| #define PACKAGE_NAME "GNU Classpath"
| #define PACKAGE_TARNAME "classpath"
| #define PACKAGE_VERSION "0.92"
| #define PACKAGE_STRING "GNU Classpath 0.92"
| #define PACKAGE_BUGREPORT "classpath@gnu.org"
| #define PACKAGE "classpath"
| #define VERSION "0.92"
| #define STDC_HEADERS 1
| #define HAVE_SYS_TYPES_H 1
| #define HAVE_SYS_STAT_H 1
| #define HAVE_STDLIB_H 1
| #define HAVE_STRING_H 1
| #define HAVE_MEMORY_H 1
| #define HAVE_STRINGS_H 1
| #define HAVE_INTTYPES_H 1
| #define HAVE_STDINT_H 1
| #define HAVE_UNISTD_H 1
| #ifdef __cplusplus
| extern "C" void exit (int) throw ();
| #endif
| #define STDC_HEADERS 1
| #define SIZEOF_VOID_P 8
| #define BYTEORDER 1234
| #define HAVE_UNISTD_H 1
| #define HAVE_SYS_TYPES_H 1
| #define HAVE_SYS_IOCTL_H 1
| #define HAVE_INTTYPES_H 1
| #define HAVE_STDINT_H 1
| #define HAVE_UTIME_H 1
| #define HAVE_SYS_FILIO_H 1
| #define HAVE_SYS_TIME_H 1
| #define HAVE_SYS_SELECT_H 1
| #define HAVE_CRT_EXTERNS_H 1
| #define HAVE_FCNTL_H 1
| #define HAVE_SYS_MMAN_H 1
| #define HAVE_MAGIC_H 1
| #define HAVE_INT32_DEFINED 1
| #define HAVE_INT32_DEFINED 1
| #define HAVE_BSD_INT32_DEFINED 1
| #define HAVE_FTRUNCATE 1
| #define HAVE_FSYNC 1
| #define HAVE_SELECT 1
| #define HAVE_GETHOSTNAME 1
| #define HAVE_SOCKET 1
| #define HAVE_STRERROR 1
| #define HAVE_FORK 1
| #define HAVE_PIPE 1
| #define HAVE_EXECVE 1
| #define HAVE_OPEN 1
| #define HAVE_CLOSE 1
| #define HAVE_LSEEK 1
| #define HAVE_FSTAT 1
| #define HAVE_READ 1
| #define HAVE_WRITE 1
| #define HAVE_HTONL 1
| #define HAVE_MEMSET 1
| #define HAVE_HTONS 1
| #define HAVE_CONNECT 1
| #define HAVE_GETSOCKNAME 1
| #define HAVE_GETPEERNAME 1
| #define HAVE_BIND 1
| #define HAVE_LISTEN 1
| #define HAVE_ACCEPT 1
| #define HAVE_RECVFROM 1
| #define HAVE_SEND 1
| #define HAVE_SENDTO 1
| #define HAVE_SETSOCKOPT 1
| #define HAVE_GETSOCKOPT 1
| #define HAVE_TIME 1
| #define HAVE_MKTIME 1
| #define HAVE_LOCALTIME_R 1
| #define HAVE_STRERROR_R 1
| #define HAVE_FCNTL 1
| #define HAVE_MMAP 1
| #define HAVE_MUNMAP 1
| #define HAVE_MINCORE 1
| #define HAVE_MSYNC 1
| #define HAVE_MADVISE 1
| #define HAVE_GETPAGESIZE 1
| #define HAVE_SYSCONF 1
| #define HAVE_LSTAT 1
| #define HAVE_READLINK 1
| #define TIME_WITH_SYS_TIME 1
| #define HAVE_STRUCT_TM_TM_ZONE 1
| #define HAVE_TM_ZONE 1
| #define STRUCT_TM_HAS_GMTOFF 1
| /* end confdefs.h.  */
| #include <stdlib.h>
| #include <iconv.h>
| int
| main ()
| {
| iconv_t cd = iconv_open("","");
|        iconv(cd,NULL,NULL,NULL,NULL);
|        iconv_close(cd);
|   ;
|   return 0;
| }
configure:9657: gcc -o conftest -g -O2   conftest.c  -liconv >&5
configure:9663: $? = 0
configure:9667: test -z 
			 || test ! -s conftest.err
configure:9670: $? = 0
configure:9673: test -s conftest
configure:9676: $? = 0
configure:9691: result: yes
configure:9701: checking how to link with libiconv
configure:9703: result: -liconv
configure:9714: checking for iconv declaration
configure:9748: gcc -c -g -O2  conftest.c >&5
configure:9754: $? = 0
configure:9758: test -z 
			 || test ! -s conftest.err
configure:9761: $? = 0
configure:9764: test -s conftest.o
configure:9767: $? = 0
configure:9782: result: 
         extern size_t iconv (iconv_t cd, char * *inbuf, size_t *inbytesleft, char * *outbuf, size_t *outbytesleft);
configure:13192: checking for gcjh
configure:13225: result: no
configure:13192: checking for javah
configure:13210: found /usr/bin/javah
configure:13222: result: /usr/bin/javah
configure:13259: checking jni_md.h support
configure:13267: WARNING: no
configure:13583: checking for gcj
configure:13616: result: no
configure:13962: checking for jikes
configure:13995: result: no
configure:14276: checking for kJC
configure:14309: result: no
configure:14556: checking for gcjx
configure:14589: result: no
configure:14836: checking for ecj
configure:14869: result: no
configure:14965: error: cannot find javac, try --with-gcj, --with-jikes, --with-kjc, --with-ecj, or --with-gcjx

## ---------------- ##
## Cache variables. ##
## ---------------- ##

ac_cv_build=i386-apple-darwin15.0.0
ac_cv_build_alias=i386-apple-darwin15.0.0
ac_cv_c_attribute=yes
ac_cv_c_bigendian=no
ac_cv_c_compiler_gnu=yes
ac_cv_c_const=yes
ac_cv_cxx_compiler_gnu=yes
ac_cv_env_CC_set=
ac_cv_env_CC_value=
ac_cv_env_CFLAGS_set=
ac_cv_env_CFLAGS_value=
ac_cv_env_CPPFLAGS_set=
ac_cv_env_CPPFLAGS_value=
ac_cv_env_CPP_set=
ac_cv_env_CPP_value=
ac_cv_env_CXXCPP_set=
ac_cv_env_CXXCPP_value=
ac_cv_env_CXXFLAGS_set=
ac_cv_env_CXXFLAGS_value=
ac_cv_env_CXX_set=
ac_cv_env_CXX_value=
ac_cv_env_LDFLAGS_set=
ac_cv_env_LDFLAGS_value=
ac_cv_env_build_alias_set=
ac_cv_env_build_alias_value=
ac_cv_env_host_alias_set=
ac_cv_env_host_alias_value=
ac_cv_env_target_alias_set=
ac_cv_env_target_alias_value=
ac_cv_exeext=
ac_cv_func_accept=yes
ac_cv_func_bind=yes
ac_cv_func_close=yes
ac_cv_func_connect=yes
ac_cv_func_execve=yes
ac_cv_func_fcntl=yes
ac_cv_func_fork=yes
ac_cv_func_fstat=yes
ac_cv_func_fsync=yes
ac_cv_func_ftruncate=yes
ac_cv_func_gethostname=yes
ac_cv_func_getpagesize=yes
ac_cv_func_getpeername=yes
ac_cv_func_getsockname=yes
ac_cv_func_getsockopt=yes
ac_cv_func_htonl=yes
ac_cv_func_htons=yes
ac_cv_func_listen=yes
ac_cv_func_localtime_r=yes
ac_cv_func_lseek=yes
ac_cv_func_lstat=yes
ac_cv_func_madvise=yes
ac_cv_func_memset=yes
ac_cv_func_mincore=yes
ac_cv_func_mktime=yes
ac_cv_func_mmap=yes
ac_cv_func_msync=yes
ac_cv_func_munmap=yes
ac_cv_func_open=yes
ac_cv_func_pipe=yes
ac_cv_func_read=yes
ac_cv_func_readlink=yes
ac_cv_func_recvfrom=yes
ac_cv_func_select=yes
ac_cv_func_send=yes
ac_cv_func_sendto=yes
ac_cv_func_setsockopt=yes
ac_cv_func_socket=yes
ac_cv_func_strerror=yes
ac_cv_func_strerror_r=yes
ac_cv_func_sysconf=yes
ac_cv_func_time=yes
ac_cv_func_write=yes
ac_cv_header_alsa_asoundlib_h=no
ac_cv_header_asm_ioctls_h=no
ac_cv_header_crt_externs_h=yes
ac_cv_header_dssi_h=no
ac_cv_header_fcntl_h=yes
ac_cv_header_inttypes_h=yes
ac_cv_header_magic_h=yes
ac_cv_header_memory_h=yes
ac_cv_header_stdc=yes
ac_cv_header_stdint_h=yes
ac_cv_header_stdlib_h=yes
ac_cv_header_string_h=yes
ac_cv_header_strings_h=yes
ac_cv_header_sys_config_h=no
ac_cv_header_sys_filio_h=yes
ac_cv_header_sys_ioctl_h=yes
ac_cv_header_sys_mman_h=yes
ac_cv_header_sys_select_h=yes
ac_cv_header_sys_stat_h=yes
ac_cv_header_sys_time_h=yes
ac_cv_header_sys_types_h=yes
ac_cv_header_sys_utime_h=no
ac_cv_header_time=yes
ac_cv_header_unistd_h=yes
ac_cv_header_utime_h=yes
ac_cv_host=i386-apple-darwin15.0.0
ac_cv_host_alias=i386-apple-darwin15.0.0
ac_cv_lib_magic_magic_open=yes
ac_cv_member_struct_tm_tm_zone=yes
ac_cv_objext=o
ac_cv_path_USER_JAVAH=/usr/bin/javah
ac_cv_path_install='/usr/local/bin/ginstall -c'
ac_cv_prog_AWK=gawk
ac_cv_prog_CPP='gcc -E'
ac_cv_prog_CXXCPP='g++ -E'
ac_cv_prog_ac_ct_CC=gcc
ac_cv_prog_ac_ct_CXX=g++
ac_cv_prog_ac_ct_RANLIB=ranlib
ac_cv_prog_ac_ct_STRIP=strip
ac_cv_prog_cc_g=yes
ac_cv_prog_cc_stdc=
ac_cv_prog_cxx_g=yes
ac_cv_prog_egrep='grep -E'
ac_cv_prog_make_make_set=yes
ac_cv_sizeof_void_p=8
ac_cv_struct_tm=time.h
ac_cv_target=i386-apple-darwin15.0.0
ac_cv_target_alias=i386-apple-darwin15.0.0
acl_cv_path_LD=/Applications/Xcode.app/Contents/Developer/Toolchains/XcodeDefault.xctoolchain/usr/bin/ld
acl_cv_prog_gnu_ld=no
acl_cv_rpath=done
am_cv_CC_dependencies_compiler_type=gcc3
am_cv_CXX_dependencies_compiler_type=gcc3
am_cv_func_iconv=yes
am_cv_lib_iconv=yes
am_cv_prog_tar_ustar=gnutar
am_cv_proto_iconv='extern size_t iconv (iconv_t cd, char * *inbuf, size_t *inbytesleft, char * *outbuf, size_t *outbytesleft);'
am_cv_proto_iconv_arg1=
lt_cv_deplibs_check_method=pass_all
lt_cv_file_magic_cmd='/usr/bin/file -L'
lt_cv_file_magic_test_file=/usr/lib/libSystem.dylib
lt_cv_ld_reload_flag=-r
lt_cv_path_LD=/Applications/Xcode.app/Contents/Developer/Toolchains/XcodeDefault.xctoolchain/usr/bin/ld
lt_cv_path_NM=/usr/bin/nm
lt_cv_prog_gnu_ld=no
lt_cv_sys_max_cmd_len=196608

## ----------------- ##
## Output variables. ##
## ----------------- ##

ACLOCAL='${SHELL} /Users/stevenjames/gcc-4.2/libjava/classpath/missing --run aclocal-1.9'
AMDEPBACKSLASH='\'
AMDEP_FALSE='#'
AMDEP_TRUE=''
AMTAR='${SHELL} /Users/stevenjames/gcc-4.2/libjava/classpath/missing --run tar'
AUTOCONF='${SHELL} /Users/stevenjames/gcc-4.2/libjava/classpath/missing --run autoconf'
AUTOHEADER='${SHELL} /Users/stevenjames/gcc-4.2/libjava/classpath/missing --run autoheader'
AUTOMAKE='${SHELL} /Users/stevenjames/gcc-4.2/libjava/classpath/missing --run automake-1.9'
AWK='gawk'
BUILD_CLASS_FILES_FALSE=''
BUILD_CLASS_FILES_TRUE=''
CC='gcc'
CCDEPMODE='depmode=gcc3'
CFLAGS='-g -O2'
CLASSPATH_CONVENIENCE='-no-undefined'
CLASSPATH_INCLUDES='-I$(top_srcdir)/include -I$(top_srcdir)/native/jni/classpath -I$(top_srcdir)/native/target/Linux -I$(top_srcdir)/native/target/generic'
CLASSPATH_MODULE=' -version-info 0:0:0 -no-undefined'
COLLECTIONS_PREFIX=''
CP=''
CPP='gcc -E'
CPPFLAGS=''
CREATE_ALSA_LIBRARIES_FALSE=''
CREATE_ALSA_LIBRARIES_TRUE='#'
CREATE_API_DOCS_FALSE=''
CREATE_API_DOCS_TRUE=''
CREATE_COLLECTIONS_FALSE=''
CREATE_COLLECTIONS_TRUE='#'
CREATE_CORE_JNI_LIBRARIES_FALSE=''
CREATE_CORE_JNI_LIBRARIES_TRUE='#'
CREATE_DSSI_LIBRARIES_FALSE=''
CREATE_DSSI_LIBRARIES_TRUE='#'
CREATE_GCONF_PEER_LIBRARIES_FALSE=''
CREATE_GCONF_PEER_LIBRARIES_TRUE='#'
CREATE_GTK_PEER_LIBRARIES_FALSE=''
CREATE_GTK_PEER_LIBRARIES_TRUE='#'
CREATE_JNI_HEADERS_FALSE=''
CREATE_JNI_HEADERS_TRUE='#'
CREATE_JNI_LIBRARIES_FALSE='#'
CREATE_JNI_LIBRARIES_TRUE=''
CREATE_PLUGIN_FALSE=''
CREATE_PLUGIN_TRUE='#'
CREATE_QT_PEER_LIBRARIES_FALSE=''
CREATE_QT_PEER_LIBRARIES_TRUE='#'
CREATE_WRAPPERS_FALSE='#'
CREATE_WRAPPERS_TRUE=''
CREATE_XMLJ_LIBRARY_FALSE=''
CREATE_XMLJ_LIBRARY_TRUE='#'
CXX='g++'
CXXCPP='g++ -E'
CXXDEPMODE='depmode=gcc3'
CXXFLAGS='-g -O2'
CYGPATH_W='echo'
DATE=''
DEFAULT_PREFS_PEER='gnu.java.util.prefs.FileBasedFactory'
DEFS=''
DEPDIR='.deps'
ECHO_C='ECHO_N=''
ECHO_T=''
ECJ=''
EGREP='grep -E'
ENABLE_LOCAL_SOCKETS_FALSE=''
ENABLE_LOCAL_SOCKETS_TRUE=''
ERROR_CFLAGS=''
EXAMPLESDIR=''
EXEEXT=''
FASTJAR=''
FIND=''
FOUND_CACAO_FALSE=''
FOUND_CACAO_TRUE='#'
FOUND_ECJ_FALSE=''
FOUND_ECJ_TRUE='#'
FOUND_GCJX_FALSE=''
FOUND_GCJX_TRUE='#'
FOUND_GCJ_FALSE=''
FOUND_GCJ_TRUE='#'
FOUND_JIKES_FALSE=''
FOUND_JIKES_TRUE='#'
FOUND_KJC_FALSE=''
FOUND_KJC_TRUE='#'
FREETYPE2_CFLAGS=''
FREETYPE2_LIBS=''
GCJ=''
GCJX=''
GCONF_CFLAGS=''
GCONF_LIBS=''
GDK_CFLAGS=''
GDK_LIBS=''
GJDOC=''
GLIB_CFLAGS=''
GLIB_LIBS=''
GTK_CFLAGS=''
GTK_LIBS=''
INIT_LOAD_LIBRARY=''
INSTALL_CLASS_FILES_FALSE=''
INSTALL_CLASS_FILES_TRUE=''
INSTALL_DATA='${INSTALL} -m 644'
INSTALL_GLIBJ_ZIP_FALSE=''
INSTALL_GLIBJ_ZIP_TRUE=''
INSTALL_PROGRAM='${INSTALL}'
INSTALL_SCRIPT='${INSTALL}'
INSTALL_STRIP_PROGRAM='${SHELL} $(install_sh) -c -s'
JAVA_LANG_SYSTEM_EXPLICIT_INITIALIZATION=''
JAY=''
JAY_SKELETON=''
JIKES=''
JIKESENCODING=''
JIKESWARNINGS=''
KJC=''
LDFLAGS=''
LIBDEBUG=''
LIBICONV='-liconv'
LIBMAGIC='-lmagic'
LIBOBJS=''
LIBS=''
LIBTOOL='$(SHELL) $(top_builddir)/libtool'
LIBVERSION='0:0:0'
LN_S='ln -s'
LTLIBICONV='-liconv'
LTLIBOBJS=''
MAINT=''
MAINTAINER_MODE_FALSE=''
MAINTAINER_MODE_TRUE=''
MAKEINFO='${SHELL} /Users/stevenjames/gcc-4.2/libjava/classpath/missing --run makeinfo'
MKDIR=''
MOC=''
MOZILLA_CFLAGS=''
MOZILLA_LIBS=''
OBJEXT='o'
PACKAGE='classpath'
PACKAGE_BUGREPORT='classpath@gnu.org'
PACKAGE_NAME='GNU Classpath'
PACKAGE_STRING='GNU Classpath 0.92'
PACKAGE_TARNAME='classpath'
PACKAGE_VERSION='0.92'
PANGOFT2_CFLAGS=''
PANGOFT2_LIBS=''
PATH_SEPARATOR=':'
PATH_TO_ESCHER=''
PATH_TO_GLIBJ_ZIP=''
PERL=''
PKG_CONFIG=''
PLUGIN_DIR=''
QT_CFLAGS=''
QT_LIBS=''
RANLIB='ranlib'
REGEN_PARSERS_FALSE=''
REGEN_PARSERS_TRUE=''
REMOVE=''
SET_MAKE=''
SHELL='/bin/sh'
STRICT_WARNING_CFLAGS='-Wstrict-prototypes'
STRIP='strip'
USER_CLASSLIB=''
USER_JAVAH='/usr/bin/javah'
USER_SPECIFIED_CLASSLIB_FALSE=''
USER_SPECIFIED_CLASSLIB_TRUE=''
USER_SPECIFIED_JAVAH_FALSE='#'
USER_SPECIFIED_JAVAH_TRUE=''
USE_ESCHER_FALSE=''
USE_ESCHER_TRUE=''
USE_PREBUILT_GLIBJ_ZIP_FALSE=''
USE_PREBUILT_GLIBJ_ZIP_TRUE=''
VERSION='0.92'
VM_BINARY='${prefix}/bin/jamvm'
WARNING_CFLAGS='-pedantic -W -Wall -Wmissing-declarations -Wwrite-strings -Wmissing-prototypes -Wno-long-long'
XML_CFLAGS=''
XML_LIBS=''
XSLT_CFLAGS=''
XSLT_LIBS=''
XTEST_LIBS=''
X_CFLAGS=''
X_EXTRA_LIBS=''
X_LIBS=''
X_PRE_LIBS=''
ZIP=''
ac_ct_CC='gcc'
ac_ct_CXX='g++'
ac_ct_RANLIB='ranlib'
ac_ct_STRIP='strip'
am__fastdepCC_FALSE='#'
am__fastdepCC_TRUE=''
am__fastdepCXX_FALSE='#'
am__fastdepCXX_TRUE=''
am__include='include'
am__leading_dot='.'
am__quote=''
am__tar='tar --format=ustar -chf - "$$tardir"'
am__untar='tar -xf -'
bindir='${exec_prefix}/bin'
build='i386-apple-darwin15.0.0'
build_alias=''
build_cpu='i386'
build_os='darwin15.0.0'
build_vendor='apple'
datadir='${prefix}/share'
default_toolkit='gnu.java.awt.peer.gtk.GtkToolkit'
exec_prefix='NONE'
glibjdir='${datadir}/${PACKAGE}'
host='i386-apple-darwin15.0.0'
host_alias=''
host_cpu='i386'
host_os='darwin15.0.0'
host_vendor='apple'
includedir='${prefix}/include'
infodir='${prefix}/info'
install_sh='/Users/stevenjames/gcc-4.2/libjava/classpath/install-sh'
libdir='${exec_prefix}/lib'
libexecdir='${exec_prefix}/libexec'
localstatedir='${prefix}/var'
mandir='${prefix}/man'
mkdir_p='$(mkinstalldirs)'
multi_basedir='/Users/stevenjames/gcc-4.2/libjava/classpath/../..'
nativeexeclibdir='${toolexeclibdir}/gcj-4.2.5'
oldincludedir='/usr/include'
prefix='/usr/local'
program_transform_name='s,x,x,'
sbindir='${exec_prefix}/sbin'
sharedstatedir='${prefix}/com'
sysconfdir='${prefix}/etc'
target='i386-apple-darwin15.0.0'
target_alias=''
target_cpu='x86'
target_os='linux-gnu'
target_vendor='apple'
toolexeclibdir='${exec_prefix}/lib/'
vm_classes=''

## ----------- ##
## confdefs.h. ##
## ----------- ##

#define BYTEORDER 1234
#define HAVE_ACCEPT 1
#define HAVE_BIND 1
#define HAVE_BSD_INT32_DEFINED 1
#define HAVE_CLOSE 1
#define HAVE_CONNECT 1
#define HAVE_CRT_EXTERNS_H 1
#define HAVE_EXECVE 1
#define HAVE_FCNTL 1
#define HAVE_FCNTL_H 1
#define HAVE_FORK 1
#define HAVE_FSTAT 1
#define HAVE_FSYNC 1
#define HAVE_FTRUNCATE 1
#define HAVE_GETHOSTNAME 1
#define HAVE_GETPAGESIZE 1
#define HAVE_GETPEERNAME 1
#define HAVE_GETSOCKNAME 1
#define HAVE_GETSOCKOPT 1
#define HAVE_HTONL 1
#define HAVE_HTONS 1
#define HAVE_ICONV 1
#define HAVE_INT32_DEFINED 1
#define HAVE_INT32_DEFINED 1
#define HAVE_INTTYPES_H 1
#define HAVE_INTTYPES_H 1
#define HAVE_LISTEN 1
#define HAVE_LOCALTIME_R 1
#define HAVE_LSEEK 1
#define HAVE_LSTAT 1
#define HAVE_MADVISE 1
#define HAVE_MAGIC_H 1
#define HAVE_MEMORY_H 1
#define HAVE_MEMSET 1
#define HAVE_MINCORE 1
#define HAVE_MKTIME 1
#define HAVE_MMAP 1
#define HAVE_MSYNC 1
#define HAVE_MUNMAP 1
#define HAVE_OPEN 1
#define HAVE_PIPE 1
#define HAVE_READ 1
#define HAVE_READLINK 1
#define HAVE_RECVFROM 1
#define HAVE_SELECT 1
#define HAVE_SEND 1
#define HAVE_SENDTO 1
#define HAVE_SETSOCKOPT 1
#define HAVE_SOCKET 1
#define HAVE_STDINT_H 1
#define HAVE_STDINT_H 1
#define HAVE_STDLIB_H 1
#define HAVE_STRERROR 1
#define HAVE_STRERROR_R 1
#define HAVE_STRINGS_H 1
#define HAVE_STRING_H 1
#define HAVE_STRUCT_TM_TM_ZONE 1
#define HAVE_SYSCONF 1
#define HAVE_SYS_FILIO_H 1
#define HAVE_SYS_IOCTL_H 1
#define HAVE_SYS_MMAN_H 1
#define HAVE_SYS_SELECT_H 1
#define HAVE_SYS_STAT_H 1
#define HAVE_SYS_TIME_H 1
#define HAVE_SYS_TYPES_H 1
#define HAVE_SYS_TYPES_H 1
#define HAVE_TIME 1
#define HAVE_TM_ZONE 1
#define HAVE_UNISTD_H 1
#define HAVE_UNISTD_H 1
#define HAVE_UTIME_H 1
#define HAVE_WRITE 1
#define ICONV_CONST 
#define PACKAGE "classpath"
#define PACKAGE_BUGREPORT "classpath@gnu.org"
#define PACKAGE_NAME "GNU Classpath"
#define PACKAGE_STRING "GNU Classpath 0.92"
#define PACKAGE_TARNAME "classpath"
#define PACKAGE_VERSION "0.92"
#define SIZEOF_VOID_P 8
#define STDC_HEADERS 1
#define STDC_HEADERS 1
#define STRUCT_TM_HAS_GMTOFF 1
#define TIME_WITH_SYS_TIME 1
#define VERSION "0.92"
#endif
#ifdef __cplusplus
extern "C" void exit (int) throw ();

configure: exit 1
